<?xml version="1.0" encoding="UTF-8"?>
<!-- Generated by org.testng.reporters.JUnitReportReporter -->
<testsuite hostname="DESKTOP-PTLG0SS" failures="0" tests="3" name="googleTestNG.AnnotationClass" time="0.019" errors="0" timestamp="2022-05-20T13:46:32 IST" skipped="0">
  <testcase classname="googleTestNG.AnnotationClass" name="d" time="0.011"/>
  <system-out/>
  <testcase classname="googleTestNG.AnnotationClass" name="e" time="0.004"/>
  <system-out/>
  <testcase classname="googleTestNG.AnnotationClass" name="f" time="0.004"/>
  <system-out/>
</testsuite> <!-- googleTestNG.AnnotationClass -->
