<?xml version="1.0" encoding="UTF-8"?>
<!-- Generated by org.testng.reporters.JUnitReportReporter -->
<testsuite hostname="DESKTOP-PTLG0SS" failures="0" tests="1" name="googleTestNG.googleNgClass" time="48.576" errors="0" timestamp="2022-05-20T11:32:26 IST" skipped="0">
  <testcase classname="googleTestNG.googleNgClass" name="f" time="48.576"/>
  <system-out/>
</testsuite> <!-- googleTestNG.googleNgClass -->
